[debug] [2023-10-09T10:49:11.958Z] ----------------------------------------------------------------------
[debug] [2023-10-09T10:49:11.960Z] Command:       /opt/homebrew/Cellar/node/20.8.0/bin/node /opt/homebrew/bin/firebase init
[debug] [2023-10-09T10:49:11.960Z] CLI Version:   12.6.2
[debug] [2023-10-09T10:49:11.960Z] Platform:      darwin
[debug] [2023-10-09T10:49:11.961Z] Node Version:  v20.8.0
[debug] [2023-10-09T10:49:11.961Z] Time:          Mon Oct 09 2023 13:49:11 GMT+0300 (Eastern European Summer Time)
[debug] [2023-10-09T10:49:11.961Z] ----------------------------------------------------------------------
[debug] 
[debug] [2023-10-09T10:49:11.963Z] > command requires scopes: ["email","openid","https://www.googleapis.com/auth/cloudplatformprojects.readonly","https://www.googleapis.com/auth/firebase","https://www.googleapis.com/auth/cloud-platform"]
[debug] [2023-10-09T10:49:11.963Z] > authorizing via signed-in user (pappas.g.alexandros@gmail.com)
[info] 
     ######## #### ########  ######## ########     ###     ######  ########
     ##        ##  ##     ## ##       ##     ##  ##   ##  ##       ##
     ######    ##  ########  ######   ########  #########  ######  ######
     ##        ##  ##    ##  ##       ##     ## ##     ##       ## ##
     ##       #### ##     ## ######## ########  ##     ##  ######  ########

You're about to initialize a Firebase project in this directory:

  /Users/alexandrospappas/Documents/personal-portfolio

[info] 
=== Project Setup
[info] 
[info] First, let's associate this project directory with a Firebase project.
[info] You can create multiple project aliases by running firebase use --add, 
[info] but for now we'll just set up a default project.
[info] 
[debug] [2023-10-09T10:49:38.663Z] >>> [apiv2][query] GET https://firebase.googleapis.com/v1beta1/projects pageSize=100
[debug] [2023-10-09T10:49:39.440Z] <<< [apiv2][status] GET https://firebase.googleapis.com/v1beta1/projects 200
[debug] [2023-10-09T10:49:39.440Z] <<< [apiv2][body] GET https://firebase.googleapis.com/v1beta1/projects [omitted]
[info] i  Using project alexandrospappaswebsite (alexandrospappaswebsite) 
[info] 
=== Hosting Setup
[info] 
[info] Your public directory is the folder (relative to your project directory) that
[info] will contain Hosting assets to be uploaded with firebase deploy. If you
[info] have a build process for your assets, use your build's output directory.
[info] 
[debug] [2023-10-09T10:51:38.852Z] >>> [apiv2][query] GET https://www.gstatic.com/firebasejs/releases.json [none]
[debug] [2023-10-09T10:51:39.701Z] <<< [apiv2][status] GET https://www.gstatic.com/firebasejs/releases.json 200
[debug] [2023-10-09T10:51:39.701Z] <<< [apiv2][body] GET https://www.gstatic.com/firebasejs/releases.json {"current":{"version":"10.4.0","browserURL":"https://www.gstatic.com/firebasejs/10.4.0/firebase.js","packageURL":"https://www.gstatic.com/firebasejs/10.4.0/firebase.tgz"},"live":{"version":"10.4","browserURL":"https://www.gstatic.com/firebasejs/live/10.4/firebase.js","packageURL":"https://www.gstatic.com/firebasejs/live/10.4/firebase.tgz"},"components":{"analytics":"https://www.gstatic.com/firebasejs/10.4.0/firebase-analytics.js","app":"https://www.gstatic.com/firebasejs/10.4.0/firebase-app.js","app-check":"https://www.gstatic.com/firebasejs/10.4.0/firebase-app-check.js","auth":"https://www.gstatic.com/firebasejs/10.4.0/firebase-auth.js","auth/cordova":"https://www.gstatic.com/firebasejs/10.4.0/firebase-auth/cordova.js","functions":"https://www.gstatic.com/firebasejs/10.4.0/firebase-functions.js","firestore":"https://www.gstatic.com/firebasejs/10.4.0/firebase-firestore.js","firestore/lite":"https://www.gstatic.com/firebasejs/10.4.0/firebase-firestore/lite.js","installations":"https://www.gstatic.com/firebasejs/10.4.0/firebase-installations.js","storage":"https://www.gstatic.com/firebasejs/10.4.0/firebase-storage.js","performance":"https://www.gstatic.com/firebasejs/10.4.0/firebase-performance.js","remote-config":"https://www.gstatic.com/firebasejs/10.4.0/firebase-remote-config.js","messaging":"https://www.gstatic.com/firebasejs/10.4.0/firebase-messaging.js","messaging/sw":"https://www.gstatic.com/firebasejs/10.4.0/firebase-messaging/sw.js","database":"https://www.gstatic.com/firebasejs/10.4.0/firebase-database.js","firestore.memory":"https://www.gstatic.com/firebasejs/10.4.0/firebase-firestore.memory.js"}}
[info] i  Skipping write of dist/personal-portfolio/index.html 
[info] 
[info] i  Detected a .git folder at /Users/alexandrospappas/Documents/personal-portfolio 
[info] i  Authorizing with GitHub to upload your service account to a GitHub repository's secrets store. 
[info] 
[info] Visit this URL on this device to log in:
[info] https://github.com/login/oauth/authorize?client_id=89cf50f02ac6aaed3484&state=331473828&redirect_uri=http%3A%2F%2Flocalhost%3A9005&scope=read%3Auser%20repo%20public_repo
[info] 
[info] Waiting for authentication...
[debug] [2023-10-09T10:52:43.954Z] >>> [apiv2][query] POST https://github.com/login/oauth/access_token [none]
[debug] [2023-10-09T10:52:43.955Z] >>> [apiv2][body] POST https://github.com/login/oauth/access_token [stream]
[debug] [2023-10-09T10:52:44.365Z] <<< [apiv2][status] POST https://github.com/login/oauth/access_token 200
[debug] [2023-10-09T10:52:44.365Z] <<< [apiv2][body] POST https://github.com/login/oauth/access_token {"access_token":"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","token_type":"bearer","scope":"read:user,repo"}
[debug] [2023-10-09T10:52:44.372Z] >>> [apiv2][query] GET https://api.github.com/user [none]
[debug] [2023-10-09T10:52:44.777Z] <<< [apiv2][status] GET https://api.github.com/user 200
[debug] [2023-10-09T10:52:44.777Z] <<< [apiv2][body] GET https://api.github.com/user {"login":"AlexandrosPappas","id":63718788,"node_id":"MDQ6VXNlcjYzNzE4Nzg4","avatar_url":"https://avatars.githubusercontent.com/u/63718788?v=4","gravatar_id":"","url":"https://api.github.com/users/AlexandrosPappas","html_url":"https://github.com/AlexandrosPappas","followers_url":"https://api.github.com/users/AlexandrosPappas/followers","following_url":"https://api.github.com/users/AlexandrosPappas/following{/other_user}","gists_url":"https://api.github.com/users/AlexandrosPappas/gists{/gist_id}","starred_url":"https://api.github.com/users/AlexandrosPappas/starred{/owner}{/repo}","subscriptions_url":"https://api.github.com/users/AlexandrosPappas/subscriptions","organizations_url":"https://api.github.com/users/AlexandrosPappas/orgs","repos_url":"https://api.github.com/users/AlexandrosPappas/repos","events_url":"https://api.github.com/users/AlexandrosPappas/events{/privacy}","received_events_url":"https://api.github.com/users/AlexandrosPappas/received_events","type":"User","site_admin":false,"name":"Alexandros Pappas","company":"AUEB Department of Informatics","blog":"","location":"Athens, Greece","email":null,"hireable":null,"bio":"Computer Science Student","twitter_username":"alexandros_papp","public_repos":10,"public_gists":0,"followers":4,"following":4,"created_at":"2020-04-15T11:15:17Z","updated_at":"2023-09-21T21:18:35Z","private_gists":0,"total_private_repos":1,"owned_private_repos":1,"disk_usage":347317,"collaborators":2,"two_factor_authentication":false,"plan":{"name":"free","space":976562499,"collaborators":0,"private_repos":10000}}
[info] 
[info] ✔  Success! Logged into GitHub as AlexandrosPappas 
[info] 
